<?xml version="1.0" encoding="UTF-8"?>
<testsuite xmlns:xsi="http://www.w3.org/2001/XMLSchema-instance" xsi:noNamespaceSchemaLocation="https://maven.apache.org/surefire/maven-surefire-plugin/xsd/surefire-test-report.xsd" name="zerocoke.study.SuiteTest" time="0.092" tests="14" errors="0" skipped="0" failures="5">
  <properties>
    <property name="sun.desktop" value="windows"/>
    <property name="awt.toolkit" value="sun.awt.windows.WToolkit"/>
    <property name="java.specification.version" value="12"/>
    <property name="sun.cpu.isalist" value="amd64"/>
    <property name="sun.jnu.encoding" value="GBK"/>
    <property name="java.class.path" value="D:\git-workspace\TestLearningNotes\junit\junit4_study\JUnit4Demo\target\test-classes;D:\git-workspace\TestLearningNotes\junit\junit4_study\JUnit4Demo\target\classes;C:\Users\renyi0301\.m2\repository\junit\junit\4.12\junit-4.12.jar;C:\Users\renyi0301\.m2\repository\org\hamcrest\hamcrest-core\1.3\hamcrest-core-1.3.jar;"/>
    <property name="java.vm.vendor" value="Oracle Corporation"/>
    <property name="sun.arch.data.model" value="64"/>
    <property name="user.variant" value=""/>
    <property name="java.vendor.url" value="https://openjdk.java.net/"/>
    <property name="user.timezone" value="Asia/Shanghai"/>
    <property name="os.name" value="Windows 10"/>
    <property name="java.vm.specification.version" value="12"/>
    <property name="sun.java.launcher" value="SUN_STANDARD"/>
    <property name="user.country" value="CN"/>
    <property name="sun.boot.library.path" value="C:\CodeDir\RedHat\java-12-openjdk-12.0.2-1\bin"/>
    <property name="sun.java.command" value="C:\Users\RENYI0~1\AppData\Local\Temp\surefire11231307158531743148\surefirebooter7160166997498957029.jar C:\Users\renyi0301\AppData\Local\Temp\surefire11231307158531743148 2019-11-05T20-46-50_268-jvmRun1 surefire17386652939510657243tmp surefire_02196904472119409754tmp"/>
    <property name="jdk.debug" value="release"/>
    <property name="surefire.test.class.path" value="D:\git-workspace\TestLearningNotes\junit\junit4_study\JUnit4Demo\target\test-classes;D:\git-workspace\TestLearningNotes\junit\junit4_study\JUnit4Demo\target\classes;C:\Users\renyi0301\.m2\repository\junit\junit\4.12\junit-4.12.jar;C:\Users\renyi0301\.m2\repository\org\hamcrest\hamcrest-core\1.3\hamcrest-core-1.3.jar;"/>
    <property name="sun.cpu.endian" value="little"/>
    <property name="user.home" value="C:\Users\renyi0301"/>
    <property name="user.language" value="zh"/>
    <property name="java.specification.vendor" value="Oracle Corporation"/>
    <property name="java.version.date" value="2019-07-16"/>
    <property name="java.home" value="C:\CodeDir\RedHat\java-12-openjdk-12.0.2-1"/>
    <property name="file.separator" value="\"/>
    <property name="basedir" value="D:\git-workspace\TestLearningNotes\junit\junit4_study\JUnit4Demo"/>
    <property name="java.vm.compressedOopsMode" value="32-bit"/>
    <property name="line.separator" value="&#10;"/>
    <property name="java.vm.specification.vendor" value="Oracle Corporation"/>
    <property name="java.specification.name" value="Java Platform API Specification"/>
    <property name="java.awt.graphicsenv" value="sun.awt.Win32GraphicsEnvironment"/>
    <property name="surefire.real.class.path" value="C:\Users\RENYI0~1\AppData\Local\Temp\surefire11231307158531743148\surefirebooter7160166997498957029.jar"/>
    <property name="user.script" value=""/>
    <property name="sun.management.compiler" value="HotSpot 64-Bit Tiered Compilers"/>
    <property name="java.runtime.version" value="12.0.2-redhat+9"/>
    <property name="user.name" value="renyi0301"/>
    <property name="path.separator" value=";"/>
    <property name="os.version" value="10.0"/>
    <property name="java.runtime.name" value="OpenJDK Runtime Environment"/>
    <property name="file.encoding" value="GBK"/>
    <property name="java.vm.name" value="OpenJDK 64-Bit Server VM"/>
    <property name="java.vendor.version" value="19.3"/>
    <property name="localRepository" value="C:\Users\renyi0301\.m2\repository"/>
    <property name="java.vendor.url.bug" value="https://bugreport.java.com/bugreport/"/>
    <property name="java.io.tmpdir" value="C:\Users\RENYI0~1\AppData\Local\Temp\"/>
    <property name="java.version" value="12.0.2-redhat"/>
    <property name="user.dir" value="D:\git-workspace\TestLearningNotes\junit\junit4_study\JUnit4Demo"/>
    <property name="os.arch" value="amd64"/>
    <property name="java.vm.specification.name" value="Java Virtual Machine Specification"/>
    <property name="sun.os.patch.level" value=""/>
    <property name="java.library.path" value="C:\CodeDir\RedHat\java-12-openjdk-12.0.2-1\bin;C:\windows\Sun\Java\bin;C:\windows\system32;C:\windows;C:\windows\system32;C:\windows;C:\windows\System32\Wbem;C:\windows\System32\WindowsPowerShell\v1.0\;C:\windows\System32\OpenSSH\;C:\Program Files (x86)\Enterprise Vault\EVClient\x64\;C:\CodeDir\RedHat\java-12-openjdk-12.0.2-1\bin;D:\CodeTools\Continuum\anaconda3\;D:\CodeTools\Continuum\anaconda3\Scripts;C:\CodeDir\Python27\;C:\CodeDir\Python27\Scripts;C:\CodeDir\groovy-2.5.8\bin;D:\CodeTools\apache-maven-3.6.2\bin;D:\CodeTools\gradle-5.6.2\bin;D:\CodeTools\Android\Android-SDK\tools;D:\CodeTools\Android\Android-SDK\platform-tools;D:\CodeTools\Android\Android-SDK\build-tools\29.0.2;D:\TestTools\apache-jmeter-5.1.1\bin;D:\TestTools\allure2-2.13.0\bin;D:\CodeTools\Git\cmd;C:\CodeDir\sqlite3;D:\TestTools\NetSarang\Xshell_6\;D:\TestTools\ffmpeg-20191004-e6625ca-win64-static\bin;D:\TestTools\CMake\bin;D:\TestTools\bundletool;C:\Users\renyi0301\.windows-build-tools\python27\;C:\Program Files\MySQL\MySQL Shell 8.0\bin\;C:\Users\renyi0301\AppData\Local\Programs\Microsoft VS Code\bin;;."/>
    <property name="java.vm.info" value="mixed mode, sharing"/>
    <property name="java.vendor" value="N/A"/>
    <property name="java.vm.version" value="12.0.2-redhat+9"/>
    <property name="sun.io.unicode.encoding" value="UnicodeLittle"/>
    <property name="java.class.version" value="56.0"/>
  </properties>
  <testcase name="testDemo2" classname="zerocoke.study.Junit4DemoTest" time="0">
    <failure type="java.lang.AssertionError">java.lang.AssertionError
	at zerocoke.study.Junit4DemoTest.testDemo2(Junit4DemoTest.java:21)
</failure>
  </testcase>
  <testcase name="testDemo" classname="zerocoke.study.Junit4DemoTest" time="0"/>
  <testcase name="testDemoBChildren" classname="zerocoke.study.Junit4DemoChildren2Test" time="0.005"/>
  <testcase name="testDemoAChildren" classname="zerocoke.study.Junit4DemoChildren2Test" time="0.002">
    <failure type="java.lang.AssertionError">java.lang.AssertionError
	at zerocoke.study.Junit4DemoChildren2Test.testDemoAChildren(Junit4DemoChildren2Test.java:52)
</failure>
    <system-out><![CDATA[--我是@before，用例执行前先到我这--
--我是Children@before，用例执行前先到我这--
Children testDemoA
--我是Children@after，用例执行后到我这--
--我是@after，用例执行后到我这--
]]></system-out>
  </testcase>
  <testcase name="testDemoCChildren" classname="zerocoke.study.Junit4DemoChildren2Test" time="0.004"/>
  <testcase name="testDemoA" classname="zerocoke.study.Junit4DemoChildren2Test" time="0.003">
    <failure type="java.lang.AssertionError">java.lang.AssertionError
</failure>
    <system-out><![CDATA[--我是@before，用例执行前先到我这--
--我是Children@before，用例执行前先到我这--
testDemoA
--我是Children@after，用例执行后到我这--
--我是@after，用例执行后到我这--
]]></system-out>
  </testcase>
  <testcase name="testDemoB" classname="zerocoke.study.Junit4DemoChildren2Test" time="0.003"/>
  <testcase name="testDemoC" classname="zerocoke.study.Junit4DemoChildren2Test" time="0.002"/>
  <testcase name="testDemoA" classname="zerocoke.study.Junit4MethodTest" time="0.001">
    <failure type="java.lang.AssertionError">java.lang.AssertionError
	at zerocoke.study.Junit4MethodTest.testDemoA(Junit4MethodTest.java:58)
</failure>
    <system-out><![CDATA[==我是Children@AfterClass，我是运行最后一步==
==我是@AfterClass，我是运行最后一步==
==我是@BeforeClass，我是运行第一步==
--我是@before，用例执行前先到我这--
testDemoA
--我是@after，用例执行后到我这--
]]></system-out>
  </testcase>
  <testcase name="testDemoB" classname="zerocoke.study.Junit4MethodTest" time="0.002"/>
  <testcase name="testDemoC" classname="zerocoke.study.Junit4MethodTest" time="0.002"/>
  <testcase name="testDemoA" classname="zerocoke.study.Junit4DemoChildrenTest" time="0.033">
    <failure type="java.lang.AssertionError">java.lang.AssertionError
	at zerocoke.study.Junit4DemoChildrenTest.testDemoA(Junit4DemoChildrenTest.java:62)
</failure>
    <system-out><![CDATA[==我是@AfterClass，我是运行最后一步==
==我是Children@BeforeClass，我是运行第一步==
--我是Children@before，用例执行前先到我这--
Children testDemoA
--我是Children@after，用例执行后到我这--
]]></system-out>
  </testcase>
  <testcase name="testDemoB" classname="zerocoke.study.Junit4DemoChildrenTest" time="0.007"/>
  <testcase name="testDemoC" classname="zerocoke.study.Junit4DemoChildrenTest" time="0.013"/>
</testsuite>