-------------------------------------------------------------------------------
Test set: zerocoke.study.Junit4DemoTest
-------------------------------------------------------------------------------
Tests run: 2, Failures: 1, Errors: 0, Skipped: 0, Time elapsed: 0 s <<< FAILURE! - in zerocoke.study.Junit4DemoTest
testDemo2(zerocoke.study.Junit4DemoTest)  Time elapsed: 0 s  <<< FAILURE!
java.lang.AssertionError
	at zerocoke.study.Junit4DemoTest.testDemo2(Junit4DemoTest.java:21)

