-------------------------------------------------------------------------------
Test set: zerocoke.study.Junit4DemoChildrenTest
-------------------------------------------------------------------------------
Tests run: 3, Failures: 1, Errors: 0, Skipped: 0, Time elapsed: 0.021 s <<< FAILURE! - in zerocoke.study.Junit4DemoChildrenTest
testDemoA(zerocoke.study.Junit4DemoChildrenTest)  Time elapsed: 0.003 s  <<< FAILURE!
java.lang.AssertionError
	at zerocoke.study.Junit4DemoChildrenTest.testDemoA(Junit4DemoChildrenTest.java:62)

